C51 COMPILER V9.60.0.0   1                                                                 11/29/2021 20:52:41 PAGE 1   


C51 COMPILER V9.60.0.0, COMPILATION OF MODULE 1
OBJECT MODULE PLACED IN .\Objects\1.obj
COMPILER INVOKED BY: C:\Keil_v5\C51\BIN\C51.EXE 1.c OPTIMIZE(8,SIZE) BROWSE DEBUG OBJECTEXTEND PRINT(.\Listings\1.lst) T
                    -ABS(2) OBJECT(.\Objects\1.obj)

line level    source

   1          #include "reg52.h"   
   2          
   3          #define u8 unsigned char
   4          #define u16 unsigned int
   5          
   6          sbit Mood_light1 = P0^0;  //氛围灯
   7          sbit Mood_light2 = P0^1;
   8          sbit Mood_light3 = P0^2;
   9          sbit Mood_light4 = P0^3;
  10          sbit ESP1 = P0^6;  //IO16
  11          sbit ESP2 = P0^7;  //IO13
  12          sbit BUTTON1 = P1^2;
  13          sbit BUTTON2 = P1^1;
  14          sbit BUTTON3 = P1^0;
  15          sbit LED6 = P2^0;  //秒钟
  16          sbit LED5 = P2^1;  //空挡
  17          sbit LED1 = P2^2;  //1
  18          sbit LED2 = P2^3;  //2
  19          sbit LED3 = P2^4;  //3
  20          sbit LED4 = P2^5;  //持续
  21          sbit WATER = P2^6;  //喷雾
  22          sbit LIGHT = P2^7;  //小灯
  23          
  24          //u8 code tab[] = {0x3f,0x06,0x5b,0x4f,0x66,0x6d,0x7d,0x07,0x7f,0x6f,0x77,0x7c,0x39,0x5e,0x79,0x71};
  25          //u8 code tab[] = {0xc0,0xf9,0xa4,0xb0,0x99,0x92,0x82,0xf8,0x80,0x90,0x88,0x83,0xc6,0xa1,0x86,0x8e};
  26          u8 Level = 0,Mood_lightLevel = 0;
  27          u16 FenZhong = 0,MiaoZhong = 0;
  28          u16 num;
  29          /******************************/
  30          void initT0();  //中断初始化
  31          void Tick();   //中断服务程序
  32          void Change_Level();  //功率显示
  33          void Miao_To_Fen();  //秒钟转分钟
  34          void Delay_ms(u16 time);  //延时函数
  35          void ESP8266_Receive();  //接收8266指令
  36          void Mood_light();  //氛围灯挡位
  37          /******************************/
  38          int main(){
  39   1        u8 key_up1 = 1,key_up2 = 1;  //按键按下标志位
  40   1        initT0();
  41   1        BUTTON1 = 1;BUTTON2 = 1;BUTTON3 = 1;
  42   1        ESP1 = 1;ESP2 = 1;
  43   1        LIGHT = 0;WATER = 0;
  44   1        LED1 = 0;LED2 = 0;LED3 = 0;LED4 = 0;LED5 = 0;LED6 = 0;
  45   1        Mood_light1 = 0;Mood_light2 = 0;Mood_light3 = 0;Mood_light4 = 0;
  46   1        while(1){
  47   2          Change_Level();
  48   2          ESP8266_Receive();
  49   2          Miao_To_Fen();
  50   2          Mood_light();
  51   2      /**************************************/
  52   2          if(BUTTON1 == 0 && key_up1 == 1){   //按键一按下+消抖
  53   3            Delay_ms(15);
  54   3            key_up1 = 0;
C51 COMPILER V9.60.0.0   1                                                                 11/29/2021 20:52:41 PAGE 2   

  55   3            if(BUTTON1 == 0)
  56   3              Level++;
  57   3          }
  58   2          else if(BUTTON1 == 1)
  59   2            key_up1 = 1;
  60   2          
  61   2          if(BUTTON2 == 0)    //按键二按下
  62   2            Level = 5;
  63   2          
  64   2          if(BUTTON3 == 0 && key_up2 == 1){    //按键三按下+消抖
  65   3            Delay_ms(15);
  66   3            key_up2 = 0;
  67   3            if(BUTTON3 == 0){
  68   4              //USB = ~USB;
  69   4              IAP_CONTR = 0x60;
  70   4            }
  71   3          }
  72   2          else if(BUTTON3 == 1)
  73   2            key_up2 = 1;
  74   2        }
  75   1      }
  76          
  77          /***************************************/
  78          void ESP8266_Receive(){
  79   1        if(ESP1 == 0 && ESP2 == 0)  //当P0^6=0 P0^7=0时，初始化氛围灯挡位
  80   1          Mood_lightLevel = 0;
  81   1        if(ESP1 == 0 && ESP2 == 1){  //当P0^6=0 P0^7=1时，进入消抖
  82   2          Delay_ms(30);
  83   2          if(ESP1 == 1 && ESP2 == 1)  //当P0^6=1 P0^7=1时，调整氛围灯挡位
  84   2            Mood_lightLevel++;
  85   2        }
  86   1      /***************************************/
  87   1        if(ESP1 == 1 && ESP2 == 0){  //当P0^6=0 P0^7=1时，进入消抖
  88   2          Delay_ms(30);
  89   2          if(ESP1 == 1 && ESP2 == 1)  //当P0^6=1 P0^7=1时，开关小灯
  90   2            LIGHT = ~LIGHT;
  91   2          else if(ESP1 == 0 && ESP2 == 1){
  92   3            WATER = ~WATER;
  93   3          }
  94   2        }
  95   1      }
  96          
  97          void Mood_light(){  //四种氛围灯挡位，默认氛围灯全关
  98   1        switch(Mood_lightLevel){
  99   2        case 1:
 100   2          Mood_light1 = 1;Mood_light2 = 0;Mood_light3 = 0;Mood_light4 = 0;
 101   2        break;
 102   2        case 2:
 103   2          Mood_light1 = 0;Mood_light2 = 1;Mood_light3 = 0;Mood_light4 = 0;
 104   2        break;
 105   2        case 3:
 106   2          Mood_light1 = 0;Mood_light2 = 0;Mood_light3 = 1;Mood_light4 = 0;
 107   2        break;
 108   2        case 4:
 109   2          Mood_light1 = 0;Mood_light2 = 0;Mood_light3 = 0;Mood_light4 = 1;
 110   2        break;
 111   2        default:
 112   2          Mood_light1 = 0;Mood_light2 = 0;Mood_light3 = 0;Mood_light4 = 0;
 113   2        }
 114   1        if(Mood_lightLevel == 5)
 115   1          Mood_lightLevel = 0;
 116   1      }
C51 COMPILER V9.60.0.0   1                                                                 11/29/2021 20:52:41 PAGE 3   

 117          
 118          void Change_Level(){  //加湿器功率显示
 119   1        if(Level == 0){
 120   2          LED1 = 0;LED2 = 0;LED3 = 0;LED4 = 0;LED5 = 1;
 121   2        }
 122   1        
 123   1        else if(Level == 1){
 124   2          LED1 = 1;LED2 = 0;LED3 = 0;LED4 = 0;LED5 = 0;
 125   2          //Mood_light1 = 0;Mood_light2 = 1;Mood_light3 = 0;Mood_light4 = 0;
 126   2          if(FenZhong >= 15){
 127   3            FenZhong = 0;
 128   3            Delay_ms(1500);
 129   3          }
 130   2        }
 131   1        
 132   1        else if(Level == 2){
 133   2          LED1 = 0;LED2 = 1;LED3 = 0;LED4 = 0;LED5 = 0;
 134   2          //Mood_light1 = 0;Mood_light2 = 0;Mood_light3 = 1;Mood_light4 = 0;
 135   2          if(FenZhong >= 15){
 136   3            FenZhong = 0;
 137   3            Delay_ms(3000);
 138   3          }
 139   2        }
 140   1        
 141   1        else if(Level == 3){
 142   2          LED1 = 0;LED2 = 0;LED3 = 1;LED4 = 0;LED5 = 0;
 143   2          //Mood_light1 = 0;Mood_light2 = 0;Mood_light3 = 0;Mood_light4 = 1;
 144   2          if(FenZhong >= 15){
 145   3            FenZhong = 0;
 146   3            Delay_ms(6000);
 147   3          }
 148   2        }
 149   1        
 150   1        else if(Level == 4)
 151   1          Level = 0;
 152   1        
 153   1        else if(Level == 5){
 154   2          LED1 = 0;LED2 = 0;LED3 = 0;LED4 = 1;LED5 = 0;
 155   2          //Mood_light1 = 1;Mood_light2 = 1;Mood_light3 = 1;Mood_light4 = 1;
 156   2          Delay_ms(15000);
 157   2          //Mood_light1 = 0;Mood_light2 = 0;Mood_light3 = 0;Mood_light4 = 0;
 158   2          Level = 0;
 159   2          FenZhong = 0;
 160   2          Delay_ms(200);
 161   2        }
 162   1      }
 163          
 164          void Miao_To_Fen(){
 165   1        if(MiaoZhong >= 60){
 166   2          MiaoZhong = 0;
 167   2          FenZhong++;
 168   2        }
 169   1      }
 170          
 171          void initT0(){
 172   1        TMOD = 0x01;
 173   1        TH0 = (65536 - 10000) / 256;
 174   1        TL0 = (65536 - 10000) % 256;
 175   1        EA = 1;
 176   1        ET0 = 1;
 177   1        TR0 = 1;
 178   1      }
C51 COMPILER V9.60.0.0   1                                                                 11/29/2021 20:52:41 PAGE 4   

 179          
 180          void Tick() interrupt 1 {
 181   1        TH0 = (65536 - 10000) / 256;
 182   1        TL0 = (65536 - 10000) % 256;
 183   1        num++;
 184   1        if(num == 100){
 185   2          num = 0;
 186   2          MiaoZhong++;
 187   2          //Mood_lightLevel++;
 188   2          LED6 = ~LED6;
 189   2        }
 190   1      }
 191          /***********************Delay****************************************/
 192          void Delay_ms(u16 time){
 193   1        u16 i,j;
 194   1        for(i = 0;i < time;i++)
 195   1          for(j = 0;j < 110;j++);
 196   1      }


MODULE INFORMATION:   STATIC OVERLAYABLE
   CODE SIZE        =    546    ----
   CONSTANT SIZE    =   ----    ----
   XDATA SIZE       =   ----    ----
   PDATA SIZE       =   ----    ----
   DATA SIZE        =      8       2
   IDATA SIZE       =   ----    ----
   BIT SIZE         =   ----    ----
END OF MODULE INFORMATION.


C51 COMPILATION COMPLETE.  0 WARNING(S),  0 ERROR(S)
