C51 COMPILER V9.60.0.0   DHT11                                                             10/27/2021 02:27:21 PAGE 1   


C51 COMPILER V9.60.0.0, COMPILATION OF MODULE DHT11
OBJECT MODULE PLACED IN .\Objects\DHT11.obj
COMPILER INVOKED BY: D:\Program Files (x86)\Keil_v5\C51\BIN\C51.EXE DHT11.c LARGE OPTIMIZE(8,SIZE) BROWSE DEBUG OBJECTEX
                    -TEND PRINT(.\Listings\DHT11.lst) TABS(2) OBJECT(.\Objects\DHT11.obj)

line level    source

   1          #include "DHT11.h"
   2          #include <intrins.h>
   3          
   4          #define uchar unsigned char
   5          #define uint unsigned int
   6          
   7          u8 rec_dat[9];
   8          
   9          void DHT11_delay_us(uchar n)
  10          {
  11   1          while(--n);
  12   1      }
  13          
  14          void DHT11_delay_ms(uint z)
  15          {
  16   1         uint i,j;
  17   1         for(i=z;i>0;i--)
  18   1            for(j=110;j>0;j--);
  19   1      }
  20          
  21          void DHT11_start()
  22          {
  23   1         Data=1;
  24   1         DHT11_delay_us(2);
  25   1         Data=0;
  26   1         DHT11_delay_ms(20);   
  27   1         Data=1;
  28   1         DHT11_delay_us(30);
  29   1      }
  30          
  31          uchar DHT11_rec_byte()     
  32          {
  33   1         uchar i,dat=0;
  34   1        for(i=0;i<8;i++)    
  35   1         {          
  36   2            while(!Data);  
  37   2            DHT11_delay_us(8);   
  38   2            dat<<=1;           
  39   2            if(Data==1)    
  40   2               dat+=1;
  41   2            while(Data);  
  42   2          }  
  43   1          return dat;
  44   1      }
  45          
  46          void DHT11_receive()     
  47          {
  48   1          uchar R_H,R_L,T_H,T_L,RH,RL,TH,TL,revise; 
  49   1          DHT11_start();
  50   1          if(Data==0)
  51   1          {
  52   2              while(Data==0);       
  53   2              DHT11_delay_us(40);  
  54   2              R_H=DHT11_rec_byte();   
C51 COMPILER V9.60.0.0   DHT11                                                             10/27/2021 02:27:21 PAGE 2   

  55   2              R_L=DHT11_rec_byte();    
  56   2              T_H=DHT11_rec_byte();   
  57   2              T_L=DHT11_rec_byte();   
  58   2              revise=DHT11_rec_byte(); 
  59   2      
  60   2              DHT11_delay_us(25);    
  61   2      
  62   2              if((R_H+R_L+T_H+T_L)==revise)     
  63   2              {
  64   3                  RH=R_H;
  65   3                  RL=R_L;
  66   3                  TH=T_H;
  67   3                  TL=T_L;
  68   3              } 
  69   2             
  70   2              rec_dat[0]='0'+(RH/10);
  71   2              rec_dat[1]='0'+(RH%10);
  72   2              rec_dat[2]='R';
  73   2              rec_dat[3]='H';
  74   2              rec_dat[4]=' ';
  75   2              rec_dat[5]=' ';
  76   2              rec_dat[6]='0'+(TH/10);
  77   2              rec_dat[7]='0'+(TH%10);
  78   2              rec_dat[8]='C';
  79   2          }
  80   1      }
*** WARNING C316 IN LINE 80 OF DHT11.c: unterminated conditionals


MODULE INFORMATION:   STATIC OVERLAYABLE
   CODE SIZE        =    275    ----
   CONSTANT SIZE    =   ----    ----
   XDATA SIZE       =      9       6
   PDATA SIZE       =   ----    ----
   DATA SIZE        =   ----    ----
   IDATA SIZE       =   ----    ----
   BIT SIZE         =   ----    ----
END OF MODULE INFORMATION.


C51 COMPILATION COMPLETE.  1 WARNING(S),  0 ERROR(S)
