C51 COMPILER V9.60.0.0   1                                                                 01/09/2022 14:34:33 PAGE 1   


C51 COMPILER V9.60.0.0, COMPILATION OF MODULE 1
OBJECT MODULE PLACED IN .\Objects\1.obj
COMPILER INVOKED BY: D:\Keil_v5\C51\BIN\C51.EXE 1.c OPTIMIZE(8,SIZE) BROWSE DEBUG OBJECTEXTEND PRINT(.\Listings\1.lst) T
                    -ABS(2) OBJECT(.\Objects\1.obj)

line level    source

   1          /***************************************************
   2          Copyright (C) 2021 CSY && SYQ. All rights reserved.
   3          
   4          请在编译前在reg52头文件中添加：
   5          sfr IAP_CONTR = 0xE7;
   6          ***************************************************/
   7          #include "reg52.h"   
   8          
   9          #define u8 unsigned char
  10          #define u16 unsigned int
  11          
  12          sbit Mood_light1 = P0^0;  //氛围灯
  13          sbit Mood_light2 = P0^1;
  14          sbit Mood_light3 = P0^2;
  15          sbit Mood_light4 = P0^3;
  16          sbit ESP1 = P0^6;  //IO16
  17          sbit ESP2 = P0^7;  //IO13
  18          sbit BUTTON1 = P1^2;
  19          sbit BUTTON2 = P1^1;
  20          sbit BUTTON3 = P1^0;
  21          sbit LED6 = P2^0;  //秒钟
  22          sbit LED5 = P2^1;  //空挡
  23          sbit LED1 = P2^2;  //1
  24          sbit LED2 = P2^3;  //2
  25          sbit LED3 = P2^4;  //3
  26          sbit LED4 = P2^5;  //持续
  27          sbit WATER = P2^6;  //喷雾
  28          sbit LIGHT = P2^7;  //小灯
  29          
  30          //u8 code tab[] = {0x3f,0x06,0x5b,0x4f,0x66,0x6d,0x7d,0x07,0x7f,0x6f,0x77,0x7c,0x39,0x5e,0x79,0x71};
  31          //u8 code tab[] = {0xc0,0xf9,0xa4,0xb0,0x99,0x92,0x82,0xf8,0x80,0x90,0x88,0x83,0xc6,0xa1,0x86,0x8e};
  32          u8 Level = 0,Mood_lightLevel = 0;
  33          u16 FenZhong = 0,MiaoZhong = 0;
  34          u16 num;
  35          /******************************/
  36          void initT0();  //中断初始化
  37          void Tick();   //中断服务程序
  38          void Change_Level();  //功率显示
  39          void Miao_To_Fen();  //秒钟转分钟
  40          void Delay_ms(u16 time);  //延时函数
  41          void ESP8266_Receive();  //接收8266指令
  42          void Mood_light();  //氛围灯挡位
  43          /******************************/
  44          int main(){
  45   1        u8 key_up1 = 1,key_up2 = 1;  //按键按下标志位
  46   1        initT0();
  47   1        BUTTON1 = 1;BUTTON2 = 1;BUTTON3 = 1;
  48   1        ESP1 = 1;ESP2 = 1;
  49   1        LIGHT = 0;WATER = 0;
  50   1        LED1 = 0;LED2 = 0;LED3 = 0;LED4 = 0;LED5 = 0;LED6 = 0;
  51   1        Mood_light1 = 0;Mood_light2 = 0;Mood_light3 = 0;Mood_light4 = 0;
  52   1        while(1){
  53   2          Change_Level();
  54   2          ESP8266_Receive();
C51 COMPILER V9.60.0.0   1                                                                 01/09/2022 14:34:33 PAGE 2   

  55   2          Miao_To_Fen();
  56   2          Mood_light();
  57   2      /**************************************/
  58   2          if(BUTTON1 == 0 && key_up1 == 1){   //按键一按下+消抖
  59   3            Delay_ms(15);
  60   3            key_up1 = 0;
  61   3            if(BUTTON1 == 0)
  62   3              Level++;
  63   3          }
  64   2          else if(BUTTON1 == 1)
  65   2            key_up1 = 1;
  66   2          
  67   2          if(BUTTON2 == 0)    //按键二按下
  68   2            Level = 5;
  69   2          
  70   2          if(BUTTON3 == 0 && key_up2 == 1){    //按键三按下+消抖
  71   3            Delay_ms(15);
  72   3            key_up2 = 0;
  73   3            if(BUTTON3 == 0){
  74   4              //USB = ~USB;
  75   4              IAP_CONTR = 0x60;
  76   4            }
  77   3          }
  78   2          else if(BUTTON3 == 1)
  79   2            key_up2 = 1;
  80   2        }
  81   1      }
  82          
  83          /***************************************/
  84          void ESP8266_Receive(){
  85   1        if(ESP1 == 0 && ESP2 == 0)  //当P0^6=0 P0^7=0时，初始化氛围灯挡位
  86   1          Mood_lightLevel = 0;
  87   1        if(ESP1 == 0 && ESP2 == 1){  //当P0^6=0 P0^7=1时，进入消抖
  88   2          Delay_ms(30);
  89   2          if(ESP1 == 1 && ESP2 == 1)  //当P0^6=1 P0^7=1时，调整氛围灯挡位
  90   2            Mood_lightLevel++;
  91   2          else if(ESP1 == 1 && ESP2 == 0){
  92   3            Mood_lightLevel = 10;
  93   3          }
  94   2        }
  95   1      /***************************************/
  96   1        if(ESP1 == 1 && ESP2 == 0){  //当P0^6=0 P0^7=1时，进入消抖
  97   2          Delay_ms(30);
  98   2          if(ESP1 == 1 && ESP2 == 1)  //当P0^6=1 P0^7=1时，开关小灯
  99   2            Level++;
 100   2          else if(ESP1 == 0 && ESP2 == 1){
 101   3            //LED4 = 1;
 102   3          }
 103   2          else if(ESP1 == 0 && ESP2 == 0){
 104   3            Level = 0;
 105   3          }
 106   2        }
 107   1      }
 108          
 109          void Mood_light(){  //四种氛围灯挡位，默认氛围灯全关
 110   1        switch(Mood_lightLevel){
 111   2        case 1:
 112   2          Mood_light1 = 1;Mood_light2 = 0;Mood_light3 = 0;Mood_light4 = 0;
 113   2        break;
 114   2        case 2:
 115   2          Mood_light1 = 0;Mood_light2 = 1;Mood_light3 = 0;Mood_light4 = 0;
 116   2        break;
C51 COMPILER V9.60.0.0   1                                                                 01/09/2022 14:34:33 PAGE 3   

 117   2        case 3:
 118   2          Mood_light1 = 0;Mood_light2 = 0;Mood_light3 = 1;Mood_light4 = 0;
 119   2        break;
 120   2        case 4:
 121   2          Mood_light1 = 0;Mood_light2 = 0;Mood_light3 = 0;Mood_light4 = 1;
 122   2        break;
 123   2        case 10:
 124   2          Mood_light1 = 1;Mood_light2 = 1;Mood_light3 = 1;Mood_light4 = 1;
 125   2        break;
 126   2        default:
 127   2          Mood_light1 = 0;Mood_light2 = 0;Mood_light3 = 0;Mood_light4 = 0;
 128   2        }
 129   1        if(Mood_lightLevel == 5)
 130   1          Mood_lightLevel = 0;
 131   1      }
 132          
 133          void Change_Level(){  //加湿器功率显示
 134   1        if(Level == 0){
 135   2          LED1 = 0;LED2 = 0;LED3 = 0;LED4 = 0;LED5 = 1;
 136   2        }
 137   1        
 138   1        else if(Level == 1){
 139   2          LED1 = 1;LED2 = 0;LED3 = 0;LED4 = 0;LED5 = 0;
 140   2          //Mood_light1 = 0;Mood_light2 = 1;Mood_light3 = 0;Mood_light4 = 0;
 141   2          if(FenZhong >= 15){
 142   3            FenZhong = 0;
 143   3            Delay_ms(1500);
 144   3          }
 145   2        }
 146   1        
 147   1        else if(Level == 2){
 148   2          LED1 = 0;LED2 = 1;LED3 = 0;LED4 = 0;LED5 = 0;
 149   2          //Mood_light1 = 0;Mood_light2 = 0;Mood_light3 = 1;Mood_light4 = 0;
 150   2          if(FenZhong >= 15){
 151   3            FenZhong = 0;
 152   3            Delay_ms(3000);
 153   3          }
 154   2        }
 155   1        
 156   1        else if(Level == 3){
 157   2          LED1 = 0;LED2 = 0;LED3 = 1;LED4 = 0;LED5 = 0;
 158   2          //Mood_light1 = 0;Mood_light2 = 0;Mood_light3 = 0;Mood_light4 = 1;
 159   2          if(FenZhong >= 15){
 160   3            FenZhong = 0;
 161   3            Delay_ms(6000);
 162   3          }
 163   2        }
 164   1        
 165   1        else if(Level == 4){
 166   2          LED1 = 0;LED2 = 0;LED3 = 0;LED4 = 1;LED5 = 0;
 167   2          
 168   2        }
 169   1        
 170   1        else if(Level == 5){
 171   2          Level = 0;
 172   2        }
 173   1      }
 174          
 175          void Miao_To_Fen(){
 176   1        if(MiaoZhong >= 60){
 177   2          MiaoZhong = 0;
 178   2          FenZhong++;
C51 COMPILER V9.60.0.0   1                                                                 01/09/2022 14:34:33 PAGE 4   

 179   2        }
 180   1      }
 181          
 182          void initT0(){
 183   1        TMOD = 0x01;
 184   1        TH0 = (65536 - 10000) / 256;
 185   1        TL0 = (65536 - 10000) % 256;
 186   1        EA = 1;
 187   1        ET0 = 1;
 188   1        TR0 = 1;
 189   1      }
 190          
 191          void Tick() interrupt 1 {
 192   1        TH0 = (65536 - 10000) / 256;
 193   1        TL0 = (65536 - 10000) % 256;
 194   1        num++;
 195   1        if(num == 100){
 196   2          num = 0;
 197   2          MiaoZhong++;
 198   2          //Mood_lightLevel++;
 199   2          LED6 = ~LED6;
 200   2        }
 201   1      }
 202          /***********************Delay****************************************/
 203          void Delay_ms(u16 time){
 204   1        u16 i,j;
 205   1        for(i = 0;i < time;i++)
 206   1          for(j = 0;j < 110;j++);
 207   1      }


MODULE INFORMATION:   STATIC OVERLAYABLE
   CODE SIZE        =    556    ----
   CONSTANT SIZE    =   ----    ----
   XDATA SIZE       =   ----    ----
   PDATA SIZE       =   ----    ----
   DATA SIZE        =      8       2
   IDATA SIZE       =   ----    ----
   BIT SIZE         =   ----    ----
END OF MODULE INFORMATION.


C51 COMPILATION COMPLETE.  0 WARNING(S),  0 ERROR(S)
